DEPRECATION WARNING: ActiveRecord::Base.raise_in_transactional_callbacks= is deprecated, has no effect and will be removed without replacement. (called from <top (required)> at /Users/appacademy/Desktop/app-academy/curriculum/html-css/projects/aa_times/skeleton/config/environment.rb:5)
DEPRECATION WARNING: Passing #original_exception is deprecated and has no effect. Exceptions will automatically capture the original exception. (called from require at /Users/appacademy/Desktop/app-academy/curriculum/html-css/projects/aa_times/skeleton/bin/rails:9)
DEPRECATION WARNING: ActiveRecord::Base.raise_in_transactional_callbacks= is deprecated, has no effect and will be removed without replacement. (called from require at /Users/appacademy/Desktop/app-academy/curriculum/html-css/projects/aa_times/skeleton/bin/rails:9)
  [1m[35m (6.2ms)[0m  [1m[35mCREATE TABLE "schema_migrations" ("version" varchar NOT NULL PRIMARY KEY)[0m
  [1m[35m (2.7ms)[0m  [1m[35mCREATE TABLE "ar_internal_metadata" ("key" varchar NOT NULL PRIMARY KEY, "value" varchar, "created_at" datetime NOT NULL, "updated_at" datetime NOT NULL)[0m
  [1m[36mActiveRecord::InternalMetadata Load (0.3ms)[0m  [1m[34mSELECT  "ar_internal_metadata".* FROM "ar_internal_metadata" WHERE "ar_internal_metadata"."key" = ? LIMIT ?[0m  [["key", "environment"], ["LIMIT", 1]]
  [1m[35m (0.1ms)[0m  [1m[36mbegin transaction[0m
  [1m[35mSQL (0.5ms)[0m  [1m[32mINSERT INTO "ar_internal_metadata" ("key", "value", "created_at", "updated_at") VALUES (?, ?, ?, ?)[0m  [["key", "environment"], ["value", "development"], ["created_at", "2018-05-08 13:28:35.437337"], ["updated_at", "2018-05-08 13:28:35.437337"]]
  [1m[35m (2.2ms)[0m  [1m[36mcommit transaction[0m
  [1m[36mActiveRecord::SchemaMigration Load (0.1ms)[0m  [1m[34mSELECT "schema_migrations".* FROM "schema_migrations"[0m
Started GET "/" for ::1 at 2018-05-08 09:29:10 -0400
DEPRECATION WARNING: ActiveRecord::Base.raise_in_transactional_callbacks= is deprecated, has no effect and will be removed without replacement. (called from block (3 levels) in <class:Railtie> at /usr/local/var/rbenv/versions/2.3.1/lib/ruby/gems/2.3.0/gems/activerecord-5.0.7/lib/active_record/railtie.rb:113)
Processing by StaticPagesController#index as HTML
  Rendering static_pages/index.html.erb within layouts/application
  Rendered shared/_main_nav.html.erb (0.7ms)
  Rendered shared/_masthead.html.erb (0.5ms)
  Rendered shared/_sections_nav.html.erb (0.9ms)
  Rendered shared/_search_modal.html.erb (0.5ms)
  Rendered shared/_main_content.html.erb (0.4ms)
  Rendered static_pages/index.html.erb within layouts/application (32.0ms)
Completed 200 OK in 817ms (Views: 810.1ms | ActiveRecord: 0.0ms)


Started GET "/assets/components/dropdown.self-815016af6fab1d5b72abd319213bf62f0c42bab2c585d2e059543ae704a0d74c.js?body=1" for ::1 at 2018-05-08 09:29:11 -0400
Started GET "/assets/components/modal.self-52188644dbb47def5ee35ae02e69eb567ca9b664472357a8a5789dd39032a265.js?body=1" for ::1 at 2018-05-08 09:29:11 -0400
Started GET "/assets/components/sidebar.self-2a1277f850a6fa21e1a974ef5152f177ac05516477d5081d593bb137b3d6808b.js?body=1" for ::1 at 2018-05-08 09:29:11 -0400
Started GET "/assets/application.self-f571b9db02bf4ed04c38a6a29072ac382f7d4f47db1fab9817aeadb0d8665235.js?body=1" for ::1 at 2018-05-08 09:29:11 -0400
Started GET "/assets/application.self-b663423749731f7aefc12aab04903643ffbbfafb45fcfb66496adb852614caef.css?body=1" for ::1 at 2018-05-08 09:29:11 -0400
Started GET "/" for ::1 at 2018-09-17 11:05:56 -0700
DEPRECATION WARNING: ActiveRecord::Base.raise_in_transactional_callbacks= is deprecated, has no effect and will be removed without replacement. (called from block (3 levels) in <class:Railtie> at /Users/lukedreyer/.rbenv/versions/2.3.1/lib/ruby/gems/2.3.0/gems/activerecord-5.0.7/lib/active_record/railtie.rb:113)
Processing by StaticPagesController#index as HTML
  Rendering static_pages/index.html.erb within layouts/application
  Rendered shared/_main_nav.html.erb (0.2ms)
  Rendered shared/_masthead.html.erb (0.1ms)
  Rendered shared/_sections_nav.html.erb (0.1ms)
  Rendered shared/_search_modal.html.erb (0.2ms)
  Rendered shared/_main_content.html.erb (0.2ms)
  Rendered static_pages/index.html.erb within layouts/application (9.9ms)
Completed 200 OK in 594ms (Views: 592.4ms | ActiveRecord: 0.0ms)


Started GET "/assets/application.self-411c60d2f07505e193f8e00bd4542d8a65c8f11e0b38b21c4e63943c86f3f910.css?body=1" for ::1 at 2018-09-17 11:05:57 -0700
Started GET "/assets/jquery.self-bd7ddd393353a8d2480a622e80342adf488fb6006d667e8b42e4c0073393abee.js?body=1" for ::1 at 2018-09-17 11:05:57 -0700
Started GET "/assets/jquery_ujs.self-784a997f6726036b1993eb2217c9cb558e1cbb801c6da88105588c56f13b466a.js?body=1" for ::1 at 2018-09-17 11:05:57 -0700
Started GET "/assets/components/sidebar.self-2a1277f850a6fa21e1a974ef5152f177ac05516477d5081d593bb137b3d6808b.js?body=1" for ::1 at 2018-09-17 11:05:57 -0700
Started GET "/assets/components/dropdown.self-815016af6fab1d5b72abd319213bf62f0c42bab2c585d2e059543ae704a0d74c.js?body=1" for ::1 at 2018-09-17 11:05:57 -0700
Started GET "/assets/application.self-f571b9db02bf4ed04c38a6a29072ac382f7d4f47db1fab9817aeadb0d8665235.js?body=1" for ::1 at 2018-09-17 11:05:57 -0700
Started GET "/assets/components/modal.self-52188644dbb47def5ee35ae02e69eb567ca9b664472357a8a5789dd39032a265.js?body=1" for ::1 at 2018-09-17 11:05:57 -0700
Started GET "/assets/application.self-411c60d2f07505e193f8e00bd4542d8a65c8f11e0b38b21c4e63943c86f3f910.css?body=1&livereload=1537207982890" for ::1 at 2018-09-17 11:13:02 -0700
Started GET "/assets/application.self-411c60d2f07505e193f8e00bd4542d8a65c8f11e0b38b21c4e63943c86f3f910.css?body=1&livereload=1537207982892" for ::1 at 2018-09-17 11:13:02 -0700
Started GET "/assets/application.self-411c60d2f07505e193f8e00bd4542d8a65c8f11e0b38b21c4e63943c86f3f910.css?body=1&livereload=1537208173445" for ::1 at 2018-09-17 11:16:13 -0700
Started GET "/assets/application.self-411c60d2f07505e193f8e00bd4542d8a65c8f11e0b38b21c4e63943c86f3f910.css?body=1&livereload=1537208173446" for ::1 at 2018-09-17 11:16:13 -0700
Started GET "/assets/application.self-411c60d2f07505e193f8e00bd4542d8a65c8f11e0b38b21c4e63943c86f3f910.css?body=1&livereload=1537208246143" for ::1 at 2018-09-17 11:17:26 -0700
Started GET "/assets/application.self-411c60d2f07505e193f8e00bd4542d8a65c8f11e0b38b21c4e63943c86f3f910.css?body=1&livereload=1537208246145" for ::1 at 2018-09-17 11:17:26 -0700
Started GET "/assets/application.self-411c60d2f07505e193f8e00bd4542d8a65c8f11e0b38b21c4e63943c86f3f910.css?body=1&livereload=1537208246610" for ::1 at 2018-09-17 11:17:26 -0700
Started GET "/assets/application.self-411c60d2f07505e193f8e00bd4542d8a65c8f11e0b38b21c4e63943c86f3f910.css?body=1&livereload=1537208246612" for ::1 at 2018-09-17 11:17:26 -0700
Started GET "/assets/application.self-411c60d2f07505e193f8e00bd4542d8a65c8f11e0b38b21c4e63943c86f3f910.css?body=1&livereload=1537208259262" for ::1 at 2018-09-17 11:17:39 -0700
Started GET "/assets/application.self-411c60d2f07505e193f8e00bd4542d8a65c8f11e0b38b21c4e63943c86f3f910.css?body=1&livereload=1537208259262&livereload=1537208259262" for ::1 at 2018-09-17 11:17:39 -0700
Started GET "/" for ::1 at 2018-09-17 11:17:45 -0700
Processing by StaticPagesController#index as HTML
  Rendering static_pages/index.html.erb within layouts/application
  Rendered shared/_main_nav.html.erb (0.2ms)
  Rendered shared/_masthead.html.erb (0.2ms)
  Rendered shared/_sections_nav.html.erb (0.1ms)
  Rendered shared/_search_modal.html.erb (0.1ms)
  Rendered shared/_main_content.html.erb (0.2ms)
  Rendered static_pages/index.html.erb within layouts/application (8.4ms)
Completed 500 Internal Server Error in 26ms (ActiveRecord: 0.0ms)



Sass::SyntaxError - Invalid CSS after ".group:": expected pseudoclass or pseudoelement, was "":
  app/views/layouts/application.html.erb:7:in `_app_views_layouts_application_html_erb___425148339242523527_70096136953860'

Started POST "/__better_errors/ce6a960bd5483a3b/variables" for ::1 at 2018-09-17 11:17:45 -0700
Started GET "/" for ::1 at 2018-09-17 11:18:42 -0700
Processing by StaticPagesController#index as HTML
  Rendering static_pages/index.html.erb within layouts/application
  Rendered shared/_main_nav.html.erb (0.2ms)
  Rendered shared/_masthead.html.erb (0.2ms)
  Rendered shared/_sections_nav.html.erb (0.2ms)
  Rendered shared/_search_modal.html.erb (0.2ms)
  Rendered shared/_main_content.html.erb (0.1ms)
  Rendered static_pages/index.html.erb within layouts/application (8.7ms)
Completed 500 Internal Server Error in 34ms (ActiveRecord: 0.0ms)



Sass::SyntaxError - Invalid CSS after ".group:": expected pseudoclass or pseudoelement, was "":
  app/views/layouts/application.html.erb:7:in `_app_views_layouts_application_html_erb___425148339242523527_70096144260980'

Started POST "/__better_errors/c237660a767c9616/variables" for ::1 at 2018-09-17 11:18:42 -0700
Started GET "/" for ::1 at 2018-09-17 11:19:18 -0700
Processing by StaticPagesController#index as HTML
  Rendering static_pages/index.html.erb within layouts/application
  Rendered shared/_main_nav.html.erb (0.2ms)
  Rendered shared/_masthead.html.erb (0.2ms)
  Rendered shared/_sections_nav.html.erb (0.1ms)
  Rendered shared/_search_modal.html.erb (0.2ms)
  Rendered shared/_main_content.html.erb (0.2ms)
  Rendered static_pages/index.html.erb within layouts/application (9.2ms)
Completed 200 OK in 77ms (Views: 74.9ms | ActiveRecord: 0.0ms)


Started GET "/assets/application.self-a68d5afc177f3bc5cd0843fed72da4819c66d28fdc863756ce2a163adc8a90e8.css?body=1" for ::1 at 2018-09-17 11:19:18 -0700
Started GET "/assets/application.self-a68d5afc177f3bc5cd0843fed72da4819c66d28fdc863756ce2a163adc8a90e8.css?body=1&livereload=1537208565526" for ::1 at 2018-09-17 11:22:45 -0700
Started GET "/assets/application.self-a68d5afc177f3bc5cd0843fed72da4819c66d28fdc863756ce2a163adc8a90e8.css?body=1&livereload=1537208565527" for ::1 at 2018-09-17 11:22:45 -0700
Started GET "/assets/application.self-a68d5afc177f3bc5cd0843fed72da4819c66d28fdc863756ce2a163adc8a90e8.css?body=1&livereload=1537208710248" for ::1 at 2018-09-17 11:25:10 -0700
Started GET "/assets/application.self-a68d5afc177f3bc5cd0843fed72da4819c66d28fdc863756ce2a163adc8a90e8.css?body=1&livereload=1537208710249" for ::1 at 2018-09-17 11:25:10 -0700
Started GET "/assets/application.self-a68d5afc177f3bc5cd0843fed72da4819c66d28fdc863756ce2a163adc8a90e8.css?body=1&livereload=1537208716986" for ::1 at 2018-09-17 11:25:16 -0700
Started GET "/assets/application.self-a68d5afc177f3bc5cd0843fed72da4819c66d28fdc863756ce2a163adc8a90e8.css?body=1&livereload=1537208716987" for ::1 at 2018-09-17 11:25:17 -0700
Started GET "/assets/application.self-a68d5afc177f3bc5cd0843fed72da4819c66d28fdc863756ce2a163adc8a90e8.css?body=1&livereload=1537208750551" for ::1 at 2018-09-17 11:25:50 -0700
Started GET "/assets/application.self-a68d5afc177f3bc5cd0843fed72da4819c66d28fdc863756ce2a163adc8a90e8.css?body=1&livereload=1537208750550" for ::1 at 2018-09-17 11:25:50 -0700
Started GET "/" for ::1 at 2018-09-17 11:26:35 -0700
Processing by StaticPagesController#index as HTML
  Rendering static_pages/index.html.erb within layouts/application
  Rendered shared/_main_nav.html.erb (0.3ms)
  Rendered shared/_masthead.html.erb (0.1ms)
  Rendered shared/_sections_nav.html.erb (0.1ms)
  Rendered shared/_search_modal.html.erb (0.2ms)
  Rendered shared/_main_content.html.erb (0.1ms)
  Rendered static_pages/index.html.erb within layouts/application (8.7ms)
Completed 200 OK in 29ms (Views: 27.0ms | ActiveRecord: 0.0ms)


Started GET "/assets/application.self-918b7c76e0e473c39f2cb9677645cece3f93272a354d0034b39fbfcb85fd2c2c.css?body=1" for ::1 at 2018-09-17 11:26:35 -0700
Started GET "/assets/application.self-918b7c76e0e473c39f2cb9677645cece3f93272a354d0034b39fbfcb85fd2c2c.css?body=1&livereload=1537208882352" for ::1 at 2018-09-17 11:28:02 -0700
Started GET "/assets/application.self-918b7c76e0e473c39f2cb9677645cece3f93272a354d0034b39fbfcb85fd2c2c.css?body=1&livereload=1537208882353" for ::1 at 2018-09-17 11:28:02 -0700
Started GET "/" for ::1 at 2018-09-17 11:31:06 -0700
Processing by StaticPagesController#index as HTML
  Rendering static_pages/index.html.erb within layouts/application
  Rendered shared/_main_nav.html.erb (0.4ms)
  Rendered shared/_masthead.html.erb (0.3ms)
  Rendered shared/_sections_nav.html.erb (0.4ms)
  Rendered shared/_search_modal.html.erb (0.3ms)
  Rendered shared/_main_content.html.erb (0.4ms)
  Rendered static_pages/index.html.erb within layouts/application (23.3ms)
Completed 200 OK in 60ms (Views: 56.0ms | ActiveRecord: 0.0ms)


Started GET "/assets/application.self-eec6c1dfe392c48df1de27cc43aa4fa3b2ec8f87deb0b666c7d9fc5a5486f47e.css?body=1" for ::1 at 2018-09-17 11:31:06 -0700
Started GET "/" for ::1 at 2018-09-17 11:34:39 -0700
Processing by StaticPagesController#index as HTML
  Rendering static_pages/index.html.erb within layouts/application
  Rendered shared/_main_nav.html.erb (0.4ms)
  Rendered shared/_masthead.html.erb (0.5ms)
  Rendered shared/_sections_nav.html.erb (0.3ms)
  Rendered shared/_search_modal.html.erb (0.3ms)
  Rendered shared/_main_content.html.erb (0.3ms)
  Rendered static_pages/index.html.erb within layouts/application (27.6ms)
Completed 200 OK in 60ms (Views: 54.9ms | ActiveRecord: 0.0ms)


